<?xml version="1.0" encoding="UTF-8"?>
<!-- Generated by org.testng.reporters.JUnitReportReporter -->
<testsuite skipped="0" hostname="DESKTOP-D1JB4FP" name="org.selenium.DataProvider1" tests="3" failures="0" timestamp="28 May 2010 04:20:26 GMT" time="39.028" errors="0">
  <testcase name="test1" time="13.207" classname="org.selenium.DataProvider1"/>
  <testcase name="test1" time="8.644" classname="org.selenium.DataProvider1"/>
  <testcase name="test1" time="17.177" classname="org.selenium.DataProvider1"/>
</testsuite> <!-- org.selenium.DataProvider1 -->
