<?xml version="1.0" encoding="UTF-8"?>
<!-- Generated by org.testng.reporters.JUnitReportReporter -->
<testsuite skipped="0" hostname="DESKTOP-D1JB4FP" name="org.selenium.AnotherClass" tests="3" failures="0" timestamp="28 May 2010 04:49:51 GMT" time="42.060" errors="0">
  <testcase name="test1" time="8.802" classname="org.selenium.AnotherClass"/>
  <testcase name="test1" time="18.920" classname="org.selenium.AnotherClass"/>
  <testcase name="test1" time="14.338" classname="org.selenium.AnotherClass"/>
</testsuite> <!-- org.selenium.AnotherClass -->
