<?xml version="1.0" encoding="UTF-8"?>
<!-- Generated by org.testng.reporters.JUnitReportReporter -->
<testsuite skipped="0" hostname="DESKTOP-D1JB4FP" name="org.selenium.TestNgClass" tests="1" failures="0" timestamp="28 May 2010 03:38:08 GMT" time="0.010" errors="0">
  <testcase name="test2" time="0.010" classname="org.selenium.TestNgClass"/>
</testsuite> <!-- org.selenium.TestNgClass -->
