<?xml version="1.0" encoding="UTF-8"?>
<!-- Generated by org.testng.reporters.JUnitReportReporter -->
<testsuite skipped="0" hostname="DESKTOP-D1JB4FP" name="org.selenium.TestNgClass1" tests="3" failures="0" timestamp="28 May 2010 04:55:27 GMT" time="0.013" errors="0">
  <testcase name="test2" time="0.009" classname="org.selenium.TestNgClass1"/>
  <testcase name="test1" time="0.002" classname="org.selenium.TestNgClass1"/>
  <testcase name="test3" time="0.002" classname="org.selenium.TestNgClass1"/>
</testsuite> <!-- org.selenium.TestNgClass1 -->
