<?xml version="1.0" encoding="UTF-8"?>
<!-- Generated by org.testng.reporters.JUnitReportReporter -->
<testsuite skipped="0" hostname="DESKTOP-D1JB4FP" name="org.selenium.TestNgSuite" tests="2" failures="0" timestamp="28 May 2010 04:02:24 GMT" time="0.010" errors="0">
  <testcase name="test2" time="0.009" classname="org.selenium.TestNgSuite"/>
  <testcase name="test3" time="0.001" classname="org.selenium.TestNgSuite"/>
</testsuite> <!-- org.selenium.TestNgSuite -->
