<?xml version="1.0" encoding="UTF-8"?>
<!-- Generated by org.testng.reporters.JUnitReportReporter -->
<testsuite skipped="0" hostname="DESKTOP-D1JB4FP" name="org.selenium.TestNg" tests="3" failures="0" timestamp="28 May 2010 03:58:41 GMT" time="0.014" errors="0">
  <testcase name="test4" time="0.008" classname="org.selenium.TestNg"/>
  <testcase name="test4" time="0.004" classname="org.selenium.TestNg"/>
  <testcase name="test4" time="0.002" classname="org.selenium.TestNg"/>
</testsuite> <!-- org.selenium.TestNg -->
