<?xml version="1.0" encoding="UTF-8"?>
<!-- Generated by org.testng.reporters.JUnitReportReporter -->
<testsuite skipped="0" hostname="DESKTOP-4FF21TM" name="org.selenium.TestNgClass1" tests="3" failures="0" timestamp="28 May 2019 23:21:01 GMT" time="0.023" errors="0">
  <testcase name="test2" time="0.012" classname="org.selenium.TestNgClass1"/>
  <testcase name="test1" time="0.004" classname="org.selenium.TestNgClass1"/>
  <testcase name="test3" time="0.007" classname="org.selenium.TestNgClass1"/>
</testsuite> <!-- org.selenium.TestNgClass1 -->
